<?xml version="1.0" encoding="UTF-8"?>
<!-- Generated by org.testng.reporters.JUnitXMLReporter -->
<testsuite ignored="0" hostname="SaiKiran" failures="1" tests="2" name="Erro Validation Tests" time="8.022" errors="0" timestamp="2024-04-25T03:29:28 IST">
  <testcase classname="KiranKabothula.Tests.ErrorValidationsTests" name="LoginErrorValidation" time="0.965">
    <failure type="java.lang.AssertionError" message="expected [Incorrect email or password.] but found [Incorrect email password.]">
      <![CDATA[java.lang.AssertionError: expected [Incorrect email or password.] but found [Incorrect email password.]
at KiranKabothula.Tests.ErrorValidationsTests.LoginErrorValidation(ErrorValidationsTests.java:24)
at java.base/java.util.ArrayList.forEach(ArrayList.java:1596)
at java.base/java.util.concurrent.FutureTask.run(FutureTask.java:317)
at java.base/java.util.concurrent.ThreadPoolExecutor.runWorker(ThreadPoolExecutor.java:1144)
at java.base/java.util.concurrent.ThreadPoolExecutor$Worker.run(ThreadPoolExecutor.java:642)
at java.base/java.lang.Thread.run(Thread.java:1583)
... Removed 22 stack frames]]>
    </failure>
  </testcase> <!-- LoginErrorValidation -->
  <testcase classname="KiranKabothula.Tests.ErrorValidationsTests" name="ProductErrorValidation" time="2.024"/>
</testsuite> <!-- Erro Validation Tests -->
